==49257== Memcheck, a memory error detector
==49257== Copyright (C) 2002-2017, and GNU GPL'd, by Julian Seward et al.
==49257== Using Valgrind-3.15.0 and LibVEX; rerun with -h for copyright info
==49257== Command: nekrs --setup ethier
==49257== Parent PID: 24252
==49257== 
==49257== Warning: noted but unhandled ioctl 0x30000001 with no size/direction hints.
==49257==    This could cause spurious value errors to appear.
==49257==    See README_MISSING_SYSCALL_OR_IOCTL for guidance on writing a proper wrapper.
==49257== Warning: noted but unhandled ioctl 0x27 with no size/direction hints.
==49257==    This could cause spurious value errors to appear.
==49257==    See README_MISSING_SYSCALL_OR_IOCTL for guidance on writing a proper wrapper.
==49257== Warning: noted but unhandled ioctl 0x7ff with no size/direction hints.
==49257==    This could cause spurious value errors to appear.
==49257==    See README_MISSING_SYSCALL_OR_IOCTL for guidance on writing a proper wrapper.
==49257== Warning: noted but unhandled ioctl 0x25 with no size/direction hints.
==49257==    This could cause spurious value errors to appear.
==49257==    See README_MISSING_SYSCALL_OR_IOCTL for guidance on writing a proper wrapper.
==49257== Warning: noted but unhandled ioctl 0x17 with no size/direction hints.
==49257==    This could cause spurious value errors to appear.
==49257==    See README_MISSING_SYSCALL_OR_IOCTL for guidance on writing a proper wrapper.
==49257== Warning: set address range perms: large range [0x200000000, 0x400200000) (noaccess)
==49257== Warning: set address range perms: large range [0x12fb3000, 0x32fb2000) (noaccess)
==49257== 
==49257== HEAP SUMMARY:
==49257==     in use at exit: 158,155,841 bytes in 28,203 blocks
==49257==   total heap usage: 3,446,638 allocs, 3,418,435 frees, 664,978,111 bytes allocated
==49257== 
==49257== LEAK SUMMARY:
==49257==    definitely lost: 6,141,037 bytes in 1,560 blocks
==49257==    indirectly lost: 210,081 bytes in 2,026 blocks
==49257==      possibly lost: 9,641,172 bytes in 143 blocks
==49257==    still reachable: 142,163,551 bytes in 24,474 blocks
==49257==                       of which reachable via heuristic:
==49257==                         newarray           : 16,472 bytes in 28 blocks
==49257==         suppressed: 0 bytes in 0 blocks
==49257== Rerun with --leak-check=full to see details of leaked memory
==49257== 
==49257== For lists of detected and suppressed errors, rerun with: -s
==49257== ERROR SUMMARY: 0 errors from 0 contexts (suppressed: 5176 from 64)
